# JRE version: Java(TM) SE Runtime Environment (17.0.8+9) (build 17.0.8+9-LTS-211)
# Java VM: Java HotSpot(TM) 64-Bit Server VM (17.0.8+9-LTS-211, mixed mode, sharing, tiered, compressed oops, compressed class ptrs, g1 gc, windows-amd64)
GC Precious Log:
 CPUs: 12 total, 12 available
 Memory: 16197M
 Large Page Support: Disabled
 NUMA Support: Disabled
 Compressed Oops: Enabled (Zero based)
 Heap Region Size: 2M
 Heap Min Capacity: 8M
 Heap Initial Capacity: 254M
 Heap Max Capacity: 4050M
 Pre-touch: Disabled
 Parallel Workers: 10
 Concurrent Workers: 3
 Concurrent Refinement Workers: 10
 Periodic GC: Disabled
Heap:
 garbage-first heap   total 81920K, used 55490K [0x0000000702e00000, 0x0000000800000000)
  region size 2048K, 16 young (32768K), 3 survivors (6144K)
 Metaspace       used 76773K, committed 77312K, reserved 1179648K
  class space    used 10631K, committed 10880K, reserved 1048576K
GC Heap History (20 events):
Event: 1.081 GC heap before
{Heap before GC invocations=2 (full 0):
 garbage-first heap   total 260096K, used 66139K [0x0000000702e00000, 0x0000000800000000)
  region size 2048K, 29 young (59392K), 1 survivors (2048K)
 Metaspace       used 21249K, committed 21504K, reserved 1114112K
  class space    used 2769K, committed 2880K, reserved 1048576K
}
Event: 1.084 GC heap after
{Heap after GC invocations=3 (full 0):
 garbage-first heap   total 260096K, used 13809K [0x0000000702e00000, 0x0000000800000000)
  region size 2048K, 3 young (6144K), 3 survivors (6144K)
 Metaspace       used 21249K, committed 21504K, reserved 1114112K
  class space    used 2769K, committed 2880K, reserved 1048576K
}
Event: 1.374 GC heap before
{Heap before GC invocations=4 (full 0):
 garbage-first heap   total 61440K, used 42481K [0x0000000702e00000, 0x0000000800000000)
  region size 2048K, 18 young (36864K), 3 survivors (6144K)
 Metaspace       used 25129K, committed 25408K, reserved 1114112K
  class space    used 3199K, committed 3328K, reserved 1048576K
}
Event: 1.378 GC heap after
{Heap after GC invocations=5 (full 0):
 garbage-first heap   total 61440K, used 17228K [0x0000000702e00000, 0x0000000800000000)
  region size 2048K, 4 young (8192K), 4 survivors (8192K)
 Metaspace       used 25129K, committed 25408K, reserved 1114112K
  class space    used 3199K, committed 3328K, reserved 1048576K
}
Event: 1.395 GC heap before
{Heap before GC invocations=5 (full 0):
 garbage-first heap   total 61440K, used 19276K [0x0000000702e00000, 0x0000000800000000)
  region size 2048K, 5 young (10240K), 4 survivors (8192K)
 Metaspace       used 25226K, committed 25472K, reserved 1114112K
  class space    used 3210K, committed 3328K, reserved 1048576K
}
Event: 1.400 GC heap after
{Heap after GC invocations=6 (full 0):
 garbage-first heap   total 61440K, used 17555K [0x0000000702e00000, 0x0000000800000000)
  region size 2048K, 1 young (2048K), 1 survivors (2048K)
 Metaspace       used 25226K, committed 25472K, reserved 1114112K
  class space    used 3210K, committed 3328K, reserved 1048576K
}
Event: 1.635 GC heap before
{Heap before GC invocations=6 (full 0):
 garbage-first heap   total 61440K, used 38035K [0x0000000702e00000, 0x0000000800000000)
  region size 2048K, 12 young (24576K), 1 survivors (2048K)
 Metaspace       used 28955K, committed 29312K, reserved 1114112K
  class space    used 3788K, committed 3968K, reserved 1048576K
}
Event: 1.638 GC heap after
{Heap after GC invocations=7 (full 0):
 garbage-first heap   total 161792K, used 17648K [0x0000000702e00000, 0x0000000800000000)
  region size 2048K, 1 young (2048K), 1 survivors (2048K)
 Metaspace       used 28955K, committed 29312K, reserved 1114112K
  class space    used 3788K, committed 3968K, reserved 1048576K
}
Event: 2.184 GC heap before
{Heap before GC invocations=7 (full 0):
 garbage-first heap   total 161792K, used 60656K [0x0000000702e00000, 0x0000000800000000)
  region size 2048K, 23 young (47104K), 1 survivors (2048K)
 Metaspace       used 35575K, committed 35968K, reserved 1114112K
  class space    used 4727K, committed 4928K, reserved 1048576K
}
Event: 2.187 GC heap after
{Heap after GC invocations=8 (full 0):
 garbage-first heap   total 161792K, used 20648K [0x0000000702e00000, 0x0000000800000000)
  region size 2048K, 3 young (6144K), 3 survivors (6144K)
 Metaspace       used 35575K, committed 35968K, reserved 1114112K
  class space    used 4727K, committed 4928K, reserved 1048576K
}
Event: 2.815 GC heap before
{Heap before GC invocations=9 (full 0):
 garbage-first heap   total 81920K, used 65704K [0x0000000702e00000, 0x0000000800000000)
  region size 2048K, 26 young (53248K), 3 survivors (6144K)
 Metaspace       used 50204K, committed 50688K, reserved 1114112K
  class space    used 6739K, committed 6976K, reserved 1048576K
}
Event: 2.823 GC heap after
{Heap after GC invocations=10 (full 0):
 garbage-first heap   total 81920K, used 23811K [0x0000000702e00000, 0x0000000800000000)
  region size 2048K, 4 young (8192K), 4 survivors (8192K)
 Metaspace       used 50204K, committed 50688K, reserved 1114112K
  class space    used 6739K, committed 6976K, reserved 1048576K
}
Event: 3.180 GC heap before
{Heap before GC invocations=10 (full 0):
 garbage-first heap   total 81920K, used 58627K [0x0000000702e00000, 0x0000000800000000)
  region size 2048K, 22 young (45056K), 4 survivors (8192K)
 Metaspace       used 58802K, committed 59264K, reserved 1114112K
  class space    used 8039K, committed 8256K, reserved 1048576K
}
Event: 3.187 GC heap after
{Heap after GC invocations=11 (full 0):
 garbage-first heap   total 81920K, used 26328K [0x0000000702e00000, 0x0000000800000000)
  region size 2048K, 2 young (4096K), 2 survivors (4096K)
 Metaspace       used 58802K, committed 59264K, reserved 1114112K
  class space    used 8039K, committed 8256K, reserved 1048576K
}
Event: 3.250 GC heap before
{Heap before GC invocations=11 (full 0):
 garbage-first heap   total 81920K, used 32472K [0x0000000702e00000, 0x0000000800000000)
  region size 2048K, 6 young (12288K), 2 survivors (4096K)
 Metaspace       used 59952K, committed 60416K, reserved 1114112K
  class space    used 8201K, committed 8448K, reserved 1048576K
}
Event: 3.252 GC heap after
{Heap after GC invocations=12 (full 0):
 garbage-first heap   total 81920K, used 25643K [0x0000000702e00000, 0x0000000800000000)
  region size 2048K, 1 young (2048K), 1 survivors (2048K)
 Metaspace       used 59952K, committed 60416K, reserved 1114112K
  class space    used 8201K, committed 8448K, reserved 1048576K
}
Event: 3.652 GC heap before
{Heap before GC invocations=13 (full 0):
 garbage-first heap   total 81920K, used 62507K [0x0000000702e00000, 0x0000000800000000)
  region size 2048K, 19 young (38912K), 1 survivors (2048K)
 Metaspace       used 66621K, committed 67200K, reserved 1114112K
  class space    used 9265K, committed 9536K, reserved 1048576K
}
Event: 3.657 GC heap after
{Heap after GC invocations=14 (full 0):
 garbage-first heap   total 81920K, used 28164K [0x0000000702e00000, 0x0000000800000000)
  region size 2048K, 3 young (6144K), 3 survivors (6144K)
 Metaspace       used 66621K, committed 67200K, reserved 1114112K
  class space    used 9265K, committed 9536K, reserved 1048576K
}
Event: 4.016 GC heap before
{Heap before GC invocations=14 (full 0):
 garbage-first heap   total 81920K, used 62980K [0x0000000702e00000, 0x0000000800000000)
  region size 2048K, 20 young (40960K), 3 survivors (6144K)
 Metaspace       used 73242K, committed 73792K, reserved 1114112K
  class space    used 10192K, committed 10432K, reserved 1048576K
}
Event: 4.024 GC heap after
{Heap after GC invocations=15 (full 0):
 garbage-first heap   total 81920K, used 30914K [0x0000000702e00000, 0x0000000800000000)
  region size 2048K, 3 young (6144K), 3 survivors (6144K)
 Metaspace       used 73242K, committed 73792K, reserved 1114112K
  class space    used 10192K, committed 10432K, reserved 1048576K
}

